<?xml version="1.0" encoding="UTF-8"?>
<testsuite name="training.lecture.gildedrose.GildedRoseTest" tests="3" skipped="0" failures="0" errors="0" timestamp="2020-05-18T09:09:21" hostname="ANTON-PC" time="0.07">
  <properties/>
  <testcase name="testUpdateQuality[0: testUpdateQuality(name foo, sellin 0, quality 0, expectedfoo, -1, 0)]" classname="training.lecture.gildedrose.GildedRoseTest" time="0.069"/>
  <testcase name="testUpdateQuality[1: testUpdateQuality(name Aged Brie, sellin 0, quality 0, expectedAged Brie, -1, 2)]" classname="training.lecture.gildedrose.GildedRoseTest" time="0.0"/>
  <testcase name="testUpdateQuality[2: testUpdateQuality(name Backstage passes to a TAFKAL80ETC concert, sellin 0, quality 0, expectedBackstage passes to a TAFKAL80ETC concert, -1, 0)]" classname="training.lecture.gildedrose.GildedRoseTest" time="0.0"/>
  <system-out><![CDATA[]]></system-out>
  <system-err><![CDATA[]]></system-err>
</testsuite>
