<?xml version="1.0" encoding="UTF-8"?>
<testsuite name="training.lecture.reactive.EmployeeTest" tests="3" skipped="0" failures="0" errors="0" timestamp="2020-04-16T09:40:01" hostname="ANTON-PC" time="0.003">
  <properties/>
  <testcase name="testAbsentToPassageToPresentToError" classname="training.lecture.reactive.EmployeeTest" time="0.003"/>
  <testcase name="testAbsentToError" classname="training.lecture.reactive.EmployeeTest" time="0.0"/>
  <testcase name="testAbsentToAbsent" classname="training.lecture.reactive.EmployeeTest" time="0.0"/>
  <system-out><![CDATA[]]></system-out>
  <system-err><![CDATA[]]></system-err>
</testsuite>
