<?xml version="1.0" encoding="UTF-8"?>
<testsuite name="training.kata.roman.RomanTest" tests="8" skipped="0" failures="0" errors="0" timestamp="2020-04-15T11:49:26" hostname="ANTON-PC" time="0.004">
  <properties/>
  <testcase name="testLshouldReturn50" classname="training.kata.roman.RomanTest" time="0.003"/>
  <testcase name="testCshouldReturn100" classname="training.kata.roman.RomanTest" time="0.0"/>
  <testcase name="testIshouldReturn1" classname="training.kata.roman.RomanTest" time="0.0"/>
  <testcase name="testXshouldReturn10" classname="training.kata.roman.RomanTest" time="0.0"/>
  <testcase name="testMshouldReturn1000" classname="training.kata.roman.RomanTest" time="0.0"/>
  <testcase name="testVshouldReturn5" classname="training.kata.roman.RomanTest" time="0.001"/>
  <testcase name="testDshouldReturn500" classname="training.kata.roman.RomanTest" time="0.0"/>
  <testcase name="testIIshouldReturn2" classname="training.kata.roman.RomanTest" time="0.0"/>
  <system-out><![CDATA[]]></system-out>
  <system-err><![CDATA[]]></system-err>
</testsuite>
