<?xml version="1.0" encoding="UTF-8"?>
<testsuite name="de.thro.inf.prg3.a03.tests.CatTest" tests="5" skipped="0" failures="0" errors="0" timestamp="2022-05-30T17:07:41" hostname="DESKTOP-F11KS2C" time="0.373">
  <properties/>
  <testcase name="testAnimalGettingPlayful()" classname="de.thro.inf.prg3.a03.tests.CatTest" time="0.331"/>
  <testcase name="testAnimalIsGoingToSleepAgain()" classname="de.thro.inf.prg3.a03.tests.CatTest" time="0.011"/>
  <testcase name="testFeedHungryAnimal()" classname="de.thro.inf.prg3.a03.tests.CatTest" time="0.008"/>
  <testcase name="testFeedNotHungryAnimal()" classname="de.thro.inf.prg3.a03.tests.CatTest" time="0.004"/>
  <testcase name="testAnimalDying()" classname="de.thro.inf.prg3.a03.tests.CatTest" time="0.012"/>
  <system-out><![CDATA[19:07:42.072 [Test worker] INFO  de.thro.inf.prg3.a03.Cat - tick()
19:07:42.076 [Test worker] INFO  de.thro.inf.prg3.a03.Cat - tick()
19:07:42.076 [Test worker] INFO  de.thro.inf.prg3.a03.Cat - tick()
19:07:42.076 [Test worker] INFO  de.thro.inf.prg3.a03.Cat - tick()
19:07:42.076 [Test worker] INFO  de.thro.inf.prg3.a03.Cat - tick()
19:07:42.076 [Test worker] INFO  de.thro.inf.prg3.a03.Cat - tick()
19:07:42.076 [Test worker] INFO  de.thro.inf.prg3.a03.Cat - tick()
19:07:42.076 [Test worker] INFO  de.thro.inf.prg3.a03.Cat - tick()
19:07:42.077 [Test worker] INFO  de.thro.inf.prg3.a03.Cat - tick()
19:07:42.077 [Test worker] INFO  de.thro.inf.prg3.a03.Cat - tick()
19:07:42.077 [Test worker] INFO  de.thro.inf.prg3.a03.State - Yoan... getting hungry!
19:07:42.078 [Test worker] INFO  de.thro.inf.prg3.a03.Cat - You feed the cat...
19:07:42.078 [Test worker] INFO  de.thro.inf.prg3.a03.Cat - tick()
19:07:42.078 [Test worker] INFO  de.thro.inf.prg3.a03.Cat - tick()
19:07:42.078 [Test worker] INFO  de.thro.inf.prg3.a03.Cat - tick()
19:07:42.078 [Test worker] INFO  de.thro.inf.prg3.a03.Cat - tick()
19:07:42.079 [Test worker] INFO  de.thro.inf.prg3.a03.Cat - tick()
19:07:42.079 [Test worker] INFO  de.thro.inf.prg3.a03.Cat - tick()
19:07:42.079 [Test worker] INFO  de.thro.inf.prg3.a03.Cat - tick()
19:07:42.079 [Test worker] INFO  de.thro.inf.prg3.a03.Cat - tick()
19:07:42.079 [Test worker] INFO  de.thro.inf.prg3.a03.Cat - tick()
19:07:42.079 [Test worker] INFO  de.thro.inf.prg3.a03.Cat - tick()
19:07:42.079 [Test worker] INFO  de.thro.inf.prg3.a03.State - Getting in a playful mood!
19:07:42.086 [Test worker] INFO  de.thro.inf.prg3.a03.Cat - tick()
19:07:42.086 [Test worker] INFO  de.thro.inf.prg3.a03.Cat - tick()
19:07:42.087 [Test worker] INFO  de.thro.inf.prg3.a03.Cat - tick()
19:07:42.088 [Test worker] INFO  de.thro.inf.prg3.a03.Cat - tick()
19:07:42.088 [Test worker] INFO  de.thro.inf.prg3.a03.Cat - tick()
19:07:42.088 [Test worker] INFO  de.thro.inf.prg3.a03.Cat - tick()
19:07:42.088 [Test worker] INFO  de.thro.inf.prg3.a03.Cat - tick()
19:07:42.088 [Test worker] INFO  de.thro.inf.prg3.a03.Cat - tick()
19:07:42.088 [Test worker] INFO  de.thro.inf.prg3.a03.Cat - tick()
19:07:42.089 [Test worker] INFO  de.thro.inf.prg3.a03.Cat - tick()
19:07:42.089 [Test worker] INFO  de.thro.inf.prg3.a03.State - Yoan... getting hungry!
19:07:42.089 [Test worker] INFO  de.thro.inf.prg3.a03.Cat - You feed the cat...
19:07:42.089 [Test worker] INFO  de.thro.inf.prg3.a03.Cat - tick()
19:07:42.089 [Test worker] INFO  de.thro.inf.prg3.a03.Cat - tick()
19:07:42.090 [Test worker] INFO  de.thro.inf.prg3.a03.Cat - tick()
19:07:42.090 [Test worker] INFO  de.thro.inf.prg3.a03.Cat - tick()
19:07:42.090 [Test worker] INFO  de.thro.inf.prg3.a03.Cat - tick()
19:07:42.090 [Test worker] INFO  de.thro.inf.prg3.a03.Cat - tick()
19:07:42.091 [Test worker] INFO  de.thro.inf.prg3.a03.Cat - tick()
19:07:42.091 [Test worker] INFO  de.thro.inf.prg3.a03.Cat - tick()
19:07:42.091 [Test worker] INFO  de.thro.inf.prg3.a03.Cat - tick()
19:07:42.092 [Test worker] INFO  de.thro.inf.prg3.a03.Cat - tick()
19:07:42.093 [Test worker] INFO  de.thro.inf.prg3.a03.State - Getting in a playful mood!
19:07:42.093 [Test worker] INFO  de.thro.inf.prg3.a03.Cat - tick()
19:07:42.094 [Test worker] INFO  de.thro.inf.prg3.a03.Cat - tick()
19:07:42.094 [Test worker] INFO  de.thro.inf.prg3.a03.Cat - tick()
19:07:42.094 [Test worker] INFO  de.thro.inf.prg3.a03.Cat - tick()
19:07:42.095 [Test worker] INFO  de.thro.inf.prg3.a03.Cat - tick()
19:07:42.095 [Test worker] INFO  de.thro.inf.prg3.a03.State - Yoan... getting tired!
19:07:42.099 [Test worker] INFO  de.thro.inf.prg3.a03.Cat - tick()
19:07:42.100 [Test worker] INFO  de.thro.inf.prg3.a03.Cat - tick()
19:07:42.100 [Test worker] INFO  de.thro.inf.prg3.a03.Cat - tick()
19:07:42.101 [Test worker] INFO  de.thro.inf.prg3.a03.Cat - tick()
19:07:42.101 [Test worker] INFO  de.thro.inf.prg3.a03.Cat - tick()
19:07:42.102 [Test worker] INFO  de.thro.inf.prg3.a03.Cat - tick()
19:07:42.103 [Test worker] INFO  de.thro.inf.prg3.a03.Cat - tick()
19:07:42.104 [Test worker] INFO  de.thro.inf.prg3.a03.Cat - tick()
19:07:42.104 [Test worker] INFO  de.thro.inf.prg3.a03.Cat - tick()
19:07:42.104 [Test worker] INFO  de.thro.inf.prg3.a03.Cat - tick()
19:07:42.105 [Test worker] INFO  de.thro.inf.prg3.a03.State - Yoan... getting hungry!
19:07:42.105 [Test worker] INFO  de.thro.inf.prg3.a03.Cat - You feed the cat...
19:07:42.115 [Test worker] INFO  de.thro.inf.prg3.a03.Cat - tick()
19:07:42.115 [Test worker] INFO  de.thro.inf.prg3.a03.Cat - tick()
19:07:42.116 [Test worker] INFO  de.thro.inf.prg3.a03.Cat - tick()
19:07:42.116 [Test worker] INFO  de.thro.inf.prg3.a03.Cat - tick()
19:07:42.116 [Test worker] INFO  de.thro.inf.prg3.a03.Cat - tick()
19:07:42.117 [Test worker] INFO  de.thro.inf.prg3.a03.Cat - tick()
19:07:42.117 [Test worker] INFO  de.thro.inf.prg3.a03.Cat - tick()
19:07:42.118 [Test worker] INFO  de.thro.inf.prg3.a03.Cat - tick()
19:07:42.118 [Test worker] INFO  de.thro.inf.prg3.a03.Cat - tick()
19:07:42.118 [Test worker] INFO  de.thro.inf.prg3.a03.Cat - tick()
19:07:42.119 [Test worker] INFO  de.thro.inf.prg3.a03.State - Yoan... getting hungry!
19:07:42.119 [Test worker] INFO  de.thro.inf.prg3.a03.Cat - tick()
19:07:42.119 [Test worker] INFO  de.thro.inf.prg3.a03.Cat - tick()
19:07:42.120 [Test worker] INFO  de.thro.inf.prg3.a03.Cat - tick()
19:07:42.120 [Test worker] INFO  de.thro.inf.prg3.a03.Cat - tick()
19:07:42.121 [Test worker] INFO  de.thro.inf.prg3.a03.Cat - tick()
19:07:42.121 [Test worker] INFO  de.thro.inf.prg3.a03.Cat - tick()
19:07:42.122 [Test worker] INFO  de.thro.inf.prg3.a03.Cat - tick()
19:07:42.122 [Test worker] INFO  de.thro.inf.prg3.a03.Cat - tick()
19:07:42.122 [Test worker] INFO  de.thro.inf.prg3.a03.Cat - tick()
19:07:42.122 [Test worker] INFO  de.thro.inf.prg3.a03.Cat - tick()
19:07:42.123 [Test worker] INFO  de.thro.inf.prg3.a03.Cat - tick()
19:07:42.123 [Test worker] INFO  de.thro.inf.prg3.a03.Cat - tick()
19:07:42.123 [Test worker] INFO  de.thro.inf.prg3.a03.Cat - tick()
19:07:42.125 [Test worker] INFO  de.thro.inf.prg3.a03.Cat - tick()
19:07:42.125 [Test worker] INFO  de.thro.inf.prg3.a03.Cat - tick()
19:07:42.125 [Test worker] INFO  de.thro.inf.prg3.a03.State - I've starved for a too long time...good bye...
]]></system-out>
  <system-err><![CDATA[]]></system-err>
</testsuite>
