<?xml version="1.0" encoding="UTF-8"?>
<testsuite name="de.thro.inf.prg3.a02.tests.SimpleListTest" tests="4" skipped="0" failures="0" errors="0" timestamp="2022-05-23T10:58:02" hostname="DESKTOP-F11KS2C" time="0.015">
  <properties/>
  <testcase name="testFilterAnonymousClass()" classname="de.thro.inf.prg3.a02.tests.SimpleListTest" time="0.009"/>
  <testcase name="testAddElements()" classname="de.thro.inf.prg3.a02.tests.SimpleListTest" time="0.001"/>
  <testcase name="testFilterLambda()" classname="de.thro.inf.prg3.a02.tests.SimpleListTest" time="0.001"/>
  <testcase name="testSize()" classname="de.thro.inf.prg3.a02.tests.SimpleListTest" time="0.001"/>
  <system-out><![CDATA[]]></system-out>
  <system-err><![CDATA[]]></system-err>
</testsuite>
